# JRE version: Java(TM) SE Runtime Environment (17.0.14+8) (build 17.0.14+8-LTS-191)
# Java VM: Java HotSpot(TM) 64-Bit Server VM (17.0.14+8-LTS-191, mixed mode, emulated-client, sharing, tiered, compressed oops, compressed class ptrs, g1 gc, windows-amd64)
GC Precious Log:
 CPUs: 4 total, 4 available
 Memory: 12203M
 Large Page Support: Disabled
 NUMA Support: Disabled
 Compressed Oops: Enabled (Zero based)
 Heap Region Size: 2M
 Heap Min Capacity: 8M
 Heap Initial Capacity: 192M
 Heap Max Capacity: 3052M
 Pre-touch: Disabled
 Parallel Workers: 4
 Concurrent Workers: 1
 Concurrent Refinement Workers: 4
 Periodic GC: Disabled
Heap:
 garbage-first heap   total 69632K, used 35936K [0x0000000741400000, 0x0000000800000000)
  region size 2048K, 1 young (2048K), 1 survivors (2048K)
 Metaspace       used 71822K, committed 72384K, reserved 1114112K
  class space    used 10499K, committed 10752K, reserved 1048576K
GC Heap History (20 events):
Event: 6331.942 GC heap after
{Heap after GC invocations=45 (full 0):
 garbage-first heap   total 69632K, used 35693K [0x0000000741400000, 0x0000000800000000)
  region size 2048K, 1 young (2048K), 1 survivors (2048K)
 Metaspace       used 71822K, committed 72384K, reserved 1114112K
  class space    used 10499K, committed 10752K, reserved 1048576K
}
Event: 6699.477 GC heap before
{Heap before GC invocations=45 (full 0):
 garbage-first heap   total 69632K, used 56173K [0x0000000741400000, 0x0000000800000000)
  region size 2048K, 11 young (22528K), 1 survivors (2048K)
 Metaspace       used 71822K, committed 72384K, reserved 1114112K
  class space    used 10499K, committed 10752K, reserved 1048576K
}
Event: 6704.182 GC heap after
{Heap after GC invocations=46 (full 0):
 garbage-first heap   total 69632K, used 35889K [0x0000000741400000, 0x0000000800000000)
  region size 2048K, 1 young (2048K), 1 survivors (2048K)
 Metaspace       used 71822K, committed 72384K, reserved 1114112K
  class space    used 10499K, committed 10752K, reserved 1048576K
}
Event: 6737.744 GC heap before
{Heap before GC invocations=46 (full 0):
 garbage-first heap   total 69632K, used 37937K [0x0000000741400000, 0x0000000800000000)
  region size 2048K, 2 young (4096K), 1 survivors (2048K)
 Metaspace       used 71822K, committed 72384K, reserved 1114112K
  class space    used 10499K, committed 10752K, reserved 1048576K
}
Event: 6737.809 GC heap after
{Heap after GC invocations=47 (full 0):
 garbage-first heap   total 69632K, used 35809K [0x0000000741400000, 0x0000000800000000)
  region size 2048K, 1 young (2048K), 1 survivors (2048K)
 Metaspace       used 71822K, committed 72384K, reserved 1114112K
  class space    used 10499K, committed 10752K, reserved 1048576K
}
Event: 6767.825 GC heap before
{Heap before GC invocations=47 (full 0):
 garbage-first heap   total 69632K, used 37857K [0x0000000741400000, 0x0000000800000000)
  region size 2048K, 2 young (4096K), 1 survivors (2048K)
 Metaspace       used 71822K, committed 72384K, reserved 1114112K
  class space    used 10499K, committed 10752K, reserved 1048576K
}
Event: 6768.059 GC heap after
{Heap after GC invocations=48 (full 0):
 garbage-first heap   total 69632K, used 35775K [0x0000000741400000, 0x0000000800000000)
  region size 2048K, 1 young (2048K), 1 survivors (2048K)
 Metaspace       used 71822K, committed 72384K, reserved 1114112K
  class space    used 10499K, committed 10752K, reserved 1048576K
}
Event: 6798.597 GC heap before
{Heap before GC invocations=48 (full 0):
 garbage-first heap   total 69632K, used 37823K [0x0000000741400000, 0x0000000800000000)
  region size 2048K, 2 young (4096K), 1 survivors (2048K)
 Metaspace       used 71822K, committed 72384K, reserved 1114112K
  class space    used 10499K, committed 10752K, reserved 1048576K
}
Event: 6799.260 GC heap after
{Heap after GC invocations=49 (full 0):
 garbage-first heap   total 69632K, used 35683K [0x0000000741400000, 0x0000000800000000)
  region size 2048K, 1 young (2048K), 1 survivors (2048K)
 Metaspace       used 71822K, committed 72384K, reserved 1114112K
  class space    used 10499K, committed 10752K, reserved 1048576K
}
Event: 6814.812 GC heap before
{Heap before GC invocations=49 (full 0):
 garbage-first heap   total 69632K, used 37731K [0x0000000741400000, 0x0000000800000000)
  region size 2048K, 2 young (4096K), 1 survivors (2048K)
 Metaspace       used 71822K, committed 72384K, reserved 1114112K
  class space    used 10499K, committed 10752K, reserved 1048576K
}
Event: 6815.010 GC heap after
{Heap after GC invocations=50 (full 0):
 garbage-first heap   total 69632K, used 35672K [0x0000000741400000, 0x0000000800000000)
  region size 2048K, 1 young (2048K), 1 survivors (2048K)
 Metaspace       used 71822K, committed 72384K, reserved 1114112K
  class space    used 10499K, committed 10752K, reserved 1048576K
}
Event: 6842.836 GC heap before
{Heap before GC invocations=50 (full 0):
 garbage-first heap   total 69632K, used 35672K [0x0000000741400000, 0x0000000800000000)
  region size 2048K, 2 young (4096K), 1 survivors (2048K)
 Metaspace       used 71822K, committed 72384K, reserved 1114112K
  class space    used 10499K, committed 10752K, reserved 1048576K
}
Event: 6843.010 GC heap after
{Heap after GC invocations=51 (full 0):
 garbage-first heap   total 69632K, used 35868K [0x0000000741400000, 0x0000000800000000)
  region size 2048K, 1 young (2048K), 1 survivors (2048K)
 Metaspace       used 71822K, committed 72384K, reserved 1114112K
  class space    used 10499K, committed 10752K, reserved 1048576K
}
Event: 6873.370 GC heap before
{Heap before GC invocations=51 (full 0):
 garbage-first heap   total 69632K, used 37916K [0x0000000741400000, 0x0000000800000000)
  region size 2048K, 2 young (4096K), 1 survivors (2048K)
 Metaspace       used 71822K, committed 72384K, reserved 1114112K
  class space    used 10499K, committed 10752K, reserved 1048576K
}
Event: 6873.428 GC heap after
{Heap after GC invocations=52 (full 0):
 garbage-first heap   total 69632K, used 35809K [0x0000000741400000, 0x0000000800000000)
  region size 2048K, 1 young (2048K), 1 survivors (2048K)
 Metaspace       used 71822K, committed 72384K, reserved 1114112K
  class space    used 10499K, committed 10752K, reserved 1048576K
}
Event: 6903.548 GC heap before
{Heap before GC invocations=52 (full 0):
 garbage-first heap   total 69632K, used 37857K [0x0000000741400000, 0x0000000800000000)
  region size 2048K, 2 young (4096K), 1 survivors (2048K)
 Metaspace       used 71822K, committed 72384K, reserved 1114112K
  class space    used 10499K, committed 10752K, reserved 1048576K
}
Event: 6903.548 GC heap after
{Heap after GC invocations=53 (full 0):
 garbage-first heap   total 69632K, used 35756K [0x0000000741400000, 0x0000000800000000)
  region size 2048K, 1 young (2048K), 1 survivors (2048K)
 Metaspace       used 71822K, committed 72384K, reserved 1114112K
  class space    used 10499K, committed 10752K, reserved 1048576K
}
Event: 6933.586 GC heap before
{Heap before GC invocations=53 (full 0):
 garbage-first heap   total 69632K, used 37804K [0x0000000741400000, 0x0000000800000000)
  region size 2048K, 2 young (4096K), 1 survivors (2048K)
 Metaspace       used 71822K, committed 72384K, reserved 1114112K
  class space    used 10499K, committed 10752K, reserved 1048576K
}
Event: 6934.045 GC heap after
{Heap after GC invocations=54 (full 0):
 garbage-first heap   total 69632K, used 35691K [0x0000000741400000, 0x0000000800000000)
  region size 2048K, 1 young (2048K), 1 survivors (2048K)
 Metaspace       used 71822K, committed 72384K, reserved 1114112K
  class space    used 10499K, committed 10752K, reserved 1048576K
}
Event: 6949.800 GC heap before
{Heap before GC invocations=54 (full 0):
 garbage-first heap   total 69632K, used 37739K [0x0000000741400000, 0x0000000800000000)
  region size 2048K, 2 young (4096K), 1 survivors (2048K)
 Metaspace       used 71822K, committed 72384K, reserved 1114112K
  class space    used 10499K, committed 10752K, reserved 1048576K
}

