# JRE version: Java(TM) SE Runtime Environment (17.0.12+8) (build 17.0.12+8-LTS-286)
# Java VM: Java HotSpot(TM) 64-Bit Server VM (17.0.12+8-LTS-286, mixed mode, sharing, tiered, compressed oops, compressed class ptrs, g1 gc, windows-amd64)
GC Precious Log:
 CPUs: 4 total, 4 available
 Memory: 8104M
 Large Page Support: Disabled
 NUMA Support: Disabled
 Compressed Oops: Enabled (32-bit)
 Heap Region Size: 1M
 Heap Min Capacity: 8M
 Heap Initial Capacity: 128M
 Heap Max Capacity: 2028M
 Pre-touch: Disabled
 Parallel Workers: 4
 Concurrent Workers: 1
 Concurrent Refinement Workers: 4
 Periodic GC: Disabled
Heap:
 garbage-first heap   total 131072K, used 50690K [0x0000000081400000, 0x0000000100000000)
  region size 1024K, 39 young (39936K), 4 survivors (4096K)
 Metaspace       used 21006K, committed 21248K, reserved 1114112K
  class space    used 2384K, committed 2496K, reserved 1048576K
GC Heap History (10 events):
Event: 1.102 GC heap before
{Heap before GC invocations=0 (full 0):
 garbage-first heap   total 131072K, used 13312K [0x0000000081400000, 0x0000000100000000)
  region size 1024K, 13 young (13312K), 0 survivors (0K)
 Metaspace       used 3342K, committed 3456K, reserved 1114112K
  class space    used 352K, committed 384K, reserved 1048576K
}
Event: 1.107 GC heap after
{Heap after GC invocations=1 (full 0):
 garbage-first heap   total 131072K, used 3151K [0x0000000081400000, 0x0000000100000000)
  region size 1024K, 2 young (2048K), 2 survivors (2048K)
 Metaspace       used 3342K, committed 3456K, reserved 1114112K
  class space    used 352K, committed 384K, reserved 1048576K
}
Event: 1.787 GC heap before
{Heap before GC invocations=1 (full 0):
 garbage-first heap   total 131072K, used 15439K [0x0000000081400000, 0x0000000100000000)
  region size 1024K, 14 young (14336K), 2 survivors (2048K)
 Metaspace       used 5474K, committed 5632K, reserved 1114112K
  class space    used 659K, committed 768K, reserved 1048576K
}
Event: 1.791 GC heap after
{Heap after GC invocations=2 (full 0):
 garbage-first heap   total 131072K, used 4049K [0x0000000081400000, 0x0000000100000000)
  region size 1024K, 1 young (1024K), 1 survivors (1024K)
 Metaspace       used 5474K, committed 5632K, reserved 1114112K
  class space    used 659K, committed 768K, reserved 1048576K
}
Event: 3.577 GC heap before
{Heap before GC invocations=2 (full 0):
 garbage-first heap   total 131072K, used 33745K [0x0000000081400000, 0x0000000100000000)
  region size 1024K, 30 young (30720K), 1 survivors (1024K)
 Metaspace       used 9244K, committed 9472K, reserved 1114112K
  class space    used 1119K, committed 1216K, reserved 1048576K
}
Event: 3.582 GC heap after
{Heap after GC invocations=3 (full 0):
 garbage-first heap   total 131072K, used 5120K [0x0000000081400000, 0x0000000100000000)
  region size 1024K, 2 young (2048K), 2 survivors (2048K)
 Metaspace       used 9244K, committed 9472K, reserved 1114112K
  class space    used 1119K, committed 1216K, reserved 1048576K
}
Event: 8.034 GC heap before
{Heap before GC invocations=3 (full 0):
 garbage-first heap   total 131072K, used 80896K [0x0000000081400000, 0x0000000100000000)
  region size 1024K, 76 young (77824K), 2 survivors (2048K)
 Metaspace       used 15409K, committed 15616K, reserved 1114112K
  class space    used 1839K, committed 1920K, reserved 1048576K
}
Event: 8.055 GC heap after
{Heap after GC invocations=4 (full 0):
 garbage-first heap   total 131072K, used 12604K [0x0000000081400000, 0x0000000100000000)
  region size 1024K, 10 young (10240K), 10 survivors (10240K)
 Metaspace       used 15409K, committed 15616K, reserved 1114112K
  class space    used 1839K, committed 1920K, reserved 1048576K
}
Event: 12.064 GC heap before
{Heap before GC invocations=4 (full 0):
 garbage-first heap   total 131072K, used 111932K [0x0000000081400000, 0x0000000100000000)
  region size 1024K, 76 young (77824K), 10 survivors (10240K)
 Metaspace       used 17899K, committed 18240K, reserved 1114112K
  class space    used 2063K, committed 2240K, reserved 1048576K
}
Event: 12.086 GC heap after
{Heap after GC invocations=5 (full 0):
 garbage-first heap   total 131072K, used 15874K [0x0000000081400000, 0x0000000100000000)
  region size 1024K, 4 young (4096K), 4 survivors (4096K)
 Metaspace       used 17899K, committed 18240K, reserved 1114112K
  class space    used 2063K, committed 2240K, reserved 1048576K
}

